[2025-12-03T23:01:22.778+0000] {taskinstance.py:1159} INFO - Dependencies all met for dep_context=non-requeueable deps ti=<TaskInstance: nyc_taxi_ingestion_v1.ingest_jun_2024 manual__2025-12-03T22:56:21.498315+00:00 [queued]>
[2025-12-03T23:01:22.788+0000] {taskinstance.py:1159} INFO - Dependencies all met for dep_context=requeueable deps ti=<TaskInstance: nyc_taxi_ingestion_v1.ingest_jun_2024 manual__2025-12-03T22:56:21.498315+00:00 [queued]>
[2025-12-03T23:01:22.789+0000] {taskinstance.py:1361} INFO - Starting attempt 2 of 3
[2025-12-03T23:01:22.806+0000] {taskinstance.py:1382} INFO - Executing <Task(DockerOperator): ingest_jun_2024> on 2025-12-03 22:56:21.498315+00:00
[2025-12-03T23:01:22.811+0000] {standard_task_runner.py:57} INFO - Started process 365 to run task
[2025-12-03T23:01:22.815+0000] {standard_task_runner.py:84} INFO - Running: ['***', 'tasks', 'run', 'nyc_taxi_ingestion_v1', 'ingest_jun_2024', 'manual__2025-12-03T22:56:21.498315+00:00', '--job-id', '6', '--raw', '--subdir', 'DAGS_FOLDER/ingest_dag.py', '--cfg-path', '/tmp/tmp9_rpr8jx']
[2025-12-03T23:01:22.819+0000] {standard_task_runner.py:85} INFO - Job 6: Subtask ingest_jun_2024
[2025-12-03T23:01:22.838+0000] {logging_mixin.py:154} WARNING - /home/***/.local/lib/python3.8/site-packages/***/settings.py:195 DeprecationWarning: The sql_alchemy_conn option in [core] has been moved to the sql_alchemy_conn option in [database] - the old setting has been used, but please update your config.
[2025-12-03T23:01:22.877+0000] {task_command.py:416} INFO - Running <TaskInstance: nyc_taxi_ingestion_v1.ingest_jun_2024 manual__2025-12-03T22:56:21.498315+00:00 [running]> on host 1e63a6b9eead
[2025-12-03T23:01:22.961+0000] {taskinstance.py:1662} INFO - Exporting env vars: AIRFLOW_CTX_DAG_OWNER='branko' AIRFLOW_CTX_DAG_ID='nyc_taxi_ingestion_v1' AIRFLOW_CTX_TASK_ID='ingest_jun_2024' AIRFLOW_CTX_EXECUTION_DATE='2025-12-03T22:56:21.498315+00:00' AIRFLOW_CTX_TRY_NUMBER='2' AIRFLOW_CTX_DAG_RUN_ID='manual__2025-12-03T22:56:21.498315+00:00'
[2025-12-03T23:01:23.036+0000] {docker.py:343} INFO - Starting docker container from image nyc-taxi-ingestor:v1
[2025-12-03T23:01:25.278+0000] {docker.py:413} INFO - /usr/local/lib/python3.10/site-packages/google/api_core/_python_version_support.py:266: FutureWarning: You are using a Python version (3.10.19) which Google will stop supporting in new releases of google.api_core once it reaches its end of life (2026-10-04). Please upgrade to the latest Python version, or at least Python 3.11, to continue receiving updates for google.api_core past that date.
  warnings.warn(message, FutureWarning)
[2025-12-03T23:01:25.447+0000] {docker.py:413} INFO - 2025-12-03 23:01:25,446 - INFO - 🔧 Ingestor inicializado para bucket: nyc-taxi-lakehouse-raw-branko
2025-12-03 23:01:25,446 - INFO - 📅 Iniciando proceso para 2024-06
2025-12-03 23:01:25,446 - INFO - ⬇️ Iniciando descarga desde: https://d37ci6vzurychx.cloudfront.net/trip-data/yellow_tripdata_2024-06.parquet
[2025-12-03T23:01:42.991+0000] {local_task_job_runner.py:294} WARNING - State of this instance has been externally set to failed. Terminating instance.
[2025-12-03T23:01:42.993+0000] {process_utils.py:131} INFO - Sending 15 to group 365. PIDs of all processes in the group: [365]
[2025-12-03T23:01:42.993+0000] {process_utils.py:86} INFO - Sending the signal 15 to group 365
[2025-12-03T23:01:42.993+0000] {taskinstance.py:1632} ERROR - Received SIGTERM. Terminating subprocesses.
[2025-12-03T23:01:42.993+0000] {docker.py:505} INFO - Stopping docker container
[2025-12-03T23:01:50.925+0000] {process_utils.py:79} INFO - Process psutil.Process(pid=365, status='terminated', exitcode=0, started='23:01:22') (365) terminated with exit code 0
