[2025-12-03T21:48:38.985+0000] {manager.py:487} INFO - Processing files using up to 2 processes at a time 
[2025-12-03T21:48:38.985+0000] {manager.py:488} INFO - Process each file at most once every 30 seconds
[2025-12-03T21:48:38.985+0000] {manager.py:489} INFO - Checking for new files in /opt/airflow/dags every 300 seconds
[2025-12-03T21:48:38.986+0000] {manager.py:755} INFO - Searching for files in /opt/airflow/dags
[2025-12-03T21:48:38.987+0000] {manager.py:758} INFO - There are 0 files in /opt/airflow/dags
[2025-12-03T21:52:01.019+0000] {manager.py:469} INFO - Exiting gracefully upon receiving signal 15
[2025-12-03T21:52:54.969+0000] {manager.py:487} INFO - Processing files using up to 2 processes at a time 
[2025-12-03T21:52:54.970+0000] {manager.py:488} INFO - Process each file at most once every 30 seconds
[2025-12-03T21:52:54.971+0000] {manager.py:489} INFO - Checking for new files in /opt/airflow/dags every 300 seconds
[2025-12-03T21:52:54.971+0000] {manager.py:755} INFO - Searching for files in /opt/airflow/dags
[2025-12-03T21:52:54.972+0000] {manager.py:758} INFO - There are 0 files in /opt/airflow/dags
[2025-12-03T21:57:55.562+0000] {manager.py:755} INFO - Searching for files in /opt/airflow/dags
[2025-12-03T21:57:55.563+0000] {manager.py:758} INFO - There are 0 files in /opt/airflow/dags
[2025-12-03T22:02:56.015+0000] {manager.py:755} INFO - Searching for files in /opt/airflow/dags
[2025-12-03T22:02:56.016+0000] {manager.py:758} INFO - There are 0 files in /opt/airflow/dags
[2025-12-03T22:07:56.718+0000] {manager.py:755} INFO - Searching for files in /opt/airflow/dags
[2025-12-03T22:07:56.718+0000] {manager.py:758} INFO - There are 0 files in /opt/airflow/dags
[2025-12-03T22:12:57.412+0000] {manager.py:755} INFO - Searching for files in /opt/airflow/dags
[2025-12-03T22:12:57.413+0000] {manager.py:758} INFO - There are 0 files in /opt/airflow/dags
[2025-12-03T22:17:57.498+0000] {manager.py:755} INFO - Searching for files in /opt/airflow/dags
[2025-12-03T22:17:57.499+0000] {manager.py:758} INFO - There are 0 files in /opt/airflow/dags
[2025-12-03T22:22:57.882+0000] {manager.py:755} INFO - Searching for files in /opt/airflow/dags
[2025-12-03T22:22:57.884+0000] {manager.py:758} INFO - There are 0 files in /opt/airflow/dags
[2025-12-03T22:27:58.214+0000] {manager.py:755} INFO - Searching for files in /opt/airflow/dags
[2025-12-03T22:27:58.217+0000] {manager.py:758} INFO - There are 0 files in /opt/airflow/dags
[2025-12-03T22:32:58.356+0000] {manager.py:755} INFO - Searching for files in /opt/airflow/dags
[2025-12-03T22:32:58.360+0000] {manager.py:758} INFO - There are 0 files in /opt/airflow/dags
[2025-12-03T22:37:58.756+0000] {manager.py:755} INFO - Searching for files in /opt/airflow/dags
[2025-12-03T22:37:58.759+0000] {manager.py:758} INFO - There are 0 files in /opt/airflow/dags
[2025-12-03T22:42:59.748+0000] {manager.py:755} INFO - Searching for files in /opt/airflow/dags
[2025-12-03T22:42:59.749+0000] {manager.py:758} INFO - There are 0 files in /opt/airflow/dags
[2025-12-03T22:48:00.719+0000] {manager.py:755} INFO - Searching for files in /opt/airflow/dags
[2025-12-03T22:48:00.724+0000] {manager.py:758} INFO - There are 1 files in /opt/airflow/dags
[2025-12-03T22:48:02.513+0000] {manager.py:887} INFO - 
================================================================================
DAG File Processing Stats

File Path                        PID    Runtime      # DAGs    # Errors  Last Runtime    Last Run
-------------------------------  -----  ---------  --------  ----------  --------------  -------------------
/opt/airflow/dags/ingest_dag.py                           1           0  0.69s           2025-12-03T22:47:59
================================================================================
[2025-12-03T22:48:30.636+0000] {manager.py:887} INFO - 
================================================================================
DAG File Processing Stats

File Path                        PID    Runtime      # DAGs    # Errors  Last Runtime    Last Run
-------------------------------  -----  ---------  --------  ----------  --------------  -------------------
/opt/airflow/dags/ingest_dag.py                           1           0  0.12s           2025-12-03T22:48:29
================================================================================
[2025-12-03T22:48:58.557+0000] {manager.py:887} INFO - 
================================================================================
DAG File Processing Stats

File Path                        PID    Runtime      # DAGs    # Errors  Last Runtime    Last Run
-------------------------------  -----  ---------  --------  ----------  --------------  -------------------
/opt/airflow/dags/ingest_dag.py                           1           0  0.12s           2025-12-03T22:48:29
================================================================================
[2025-12-03T22:49:19.180+0000] {manager.py:469} INFO - Exiting gracefully upon receiving signal 15
[2025-12-03T22:49:59.559+0000] {manager.py:487} INFO - Processing files using up to 2 processes at a time 
[2025-12-03T22:49:59.560+0000] {manager.py:488} INFO - Process each file at most once every 30 seconds
[2025-12-03T22:49:59.560+0000] {manager.py:489} INFO - Checking for new files in /opt/airflow/dags every 300 seconds
[2025-12-03T22:49:59.560+0000] {manager.py:755} INFO - Searching for files in /opt/airflow/dags
[2025-12-03T22:49:59.563+0000] {manager.py:758} INFO - There are 1 files in /opt/airflow/dags
[2025-12-03T22:50:00.005+0000] {manager.py:887} INFO - 
================================================================================
DAG File Processing Stats

File Path                          PID  Runtime      # DAGs    # Errors  Last Runtime    Last Run
-------------------------------  -----  ---------  --------  ----------  --------------  ----------
/opt/airflow/dags/ingest_dag.py    173  0.06s             0           0
================================================================================
[2025-12-03T22:50:27.697+0000] {manager.py:887} INFO - 
================================================================================
DAG File Processing Stats

File Path                        PID    Runtime      # DAGs    # Errors  Last Runtime    Last Run
-------------------------------  -----  ---------  --------  ----------  --------------  -------------------
/opt/airflow/dags/ingest_dag.py                           0           1  0.07s           2025-12-03T22:50:25
================================================================================
[2025-12-03T22:50:55.528+0000] {manager.py:887} INFO - 
================================================================================
DAG File Processing Stats

File Path                        PID    Runtime      # DAGs    # Errors  Last Runtime    Last Run
-------------------------------  -----  ---------  --------  ----------  --------------  -------------------
/opt/airflow/dags/ingest_dag.py                           0           1  0.06s           2025-12-03T22:50:50
================================================================================
[2025-12-03T22:51:23.704+0000] {manager.py:887} INFO - 
================================================================================
DAG File Processing Stats

File Path                        PID    Runtime      # DAGs    # Errors  Last Runtime    Last Run
-------------------------------  -----  ---------  --------  ----------  --------------  -------------------
/opt/airflow/dags/ingest_dag.py                           0           0  0.05s           2025-12-03T22:51:11
================================================================================
[2025-12-03T22:51:51.728+0000] {manager.py:887} INFO - 
================================================================================
DAG File Processing Stats

File Path                        PID    Runtime      # DAGs    # Errors  Last Runtime    Last Run
-------------------------------  -----  ---------  --------  ----------  --------------  -------------------
/opt/airflow/dags/ingest_dag.py                           0           1  0.06s           2025-12-03T22:51:40
================================================================================
[2025-12-03T22:52:19.549+0000] {manager.py:887} INFO - 
================================================================================
DAG File Processing Stats

File Path                        PID    Runtime      # DAGs    # Errors  Last Runtime    Last Run
-------------------------------  -----  ---------  --------  ----------  --------------  -------------------
/opt/airflow/dags/ingest_dag.py                           0           1  0.07s           2025-12-03T22:52:11
================================================================================
[2025-12-03T22:52:47.456+0000] {manager.py:887} INFO - 
================================================================================
DAG File Processing Stats

File Path                        PID    Runtime      # DAGs    # Errors  Last Runtime    Last Run
-------------------------------  -----  ---------  --------  ----------  --------------  -------------------
/opt/airflow/dags/ingest_dag.py                           0           1  0.06s           2025-12-03T22:52:42
================================================================================
[2025-12-03T22:53:15.239+0000] {manager.py:887} INFO - 
================================================================================
DAG File Processing Stats

File Path                        PID    Runtime      # DAGs    # Errors  Last Runtime    Last Run
-------------------------------  -----  ---------  --------  ----------  --------------  -------------------
/opt/airflow/dags/ingest_dag.py                           0           1  0.05s           2025-12-03T22:53:09
================================================================================
[2025-12-03T22:53:43.045+0000] {manager.py:887} INFO - 
================================================================================
DAG File Processing Stats

File Path                        PID    Runtime      # DAGs    # Errors  Last Runtime    Last Run
-------------------------------  -----  ---------  --------  ----------  --------------  -------------------
/opt/airflow/dags/ingest_dag.py                           0           1  0.05s           2025-12-03T22:53:16
================================================================================
[2025-12-03T22:54:12.682+0000] {manager.py:887} INFO - 
================================================================================
DAG File Processing Stats

File Path                        PID    Runtime      # DAGs    # Errors  Last Runtime    Last Run
-------------------------------  -----  ---------  --------  ----------  --------------  -------------------
/opt/airflow/dags/ingest_dag.py                           0           1  0.06s           2025-12-03T22:53:47
================================================================================
[2025-12-03T22:54:38.959+0000] {manager.py:887} INFO - 
================================================================================
DAG File Processing Stats

File Path                          PID  Runtime      # DAGs    # Errors  Last Runtime    Last Run
-------------------------------  -----  ---------  --------  ----------  --------------  -------------------
/opt/airflow/dags/ingest_dag.py    283  0.01s             0           1  0.06s           2025-12-03T22:54:18
================================================================================
[2025-12-03T22:54:59.577+0000] {manager.py:755} INFO - Searching for files in /opt/airflow/dags
[2025-12-03T22:54:59.579+0000] {manager.py:758} INFO - There are 1 files in /opt/airflow/dags
[2025-12-03T22:55:06.643+0000] {manager.py:887} INFO - 
================================================================================
DAG File Processing Stats

File Path                        PID    Runtime      # DAGs    # Errors  Last Runtime    Last Run
-------------------------------  -----  ---------  --------  ----------  --------------  -------------------
/opt/airflow/dags/ingest_dag.py                           1           0  0.11s           2025-12-03T22:54:56
================================================================================
[2025-12-03T22:55:34.355+0000] {manager.py:887} INFO - 
================================================================================
DAG File Processing Stats

File Path                        PID    Runtime      # DAGs    # Errors  Last Runtime    Last Run
-------------------------------  -----  ---------  --------  ----------  --------------  -------------------
/opt/airflow/dags/ingest_dag.py                           1           0  0.13s           2025-12-03T22:55:27
================================================================================
[2025-12-03T22:56:02.259+0000] {manager.py:887} INFO - 
================================================================================
DAG File Processing Stats

File Path                        PID    Runtime      # DAGs    # Errors  Last Runtime    Last Run
-------------------------------  -----  ---------  --------  ----------  --------------  -------------------
/opt/airflow/dags/ingest_dag.py                           1           0  0.22s           2025-12-03T22:55:50
================================================================================
[2025-12-03T22:56:29.994+0000] {manager.py:887} INFO - 
================================================================================
DAG File Processing Stats

File Path                        PID    Runtime      # DAGs    # Errors  Last Runtime    Last Run
-------------------------------  -----  ---------  --------  ----------  --------------  -------------------
/opt/airflow/dags/ingest_dag.py                           1           0  0.12s           2025-12-03T22:56:21
================================================================================
[2025-12-03T22:56:57.893+0000] {manager.py:887} INFO - 
================================================================================
DAG File Processing Stats

File Path                        PID    Runtime      # DAGs    # Errors  Last Runtime    Last Run
-------------------------------  -----  ---------  --------  ----------  --------------  -------------------
/opt/airflow/dags/ingest_dag.py                           1           0  0.17s           2025-12-03T22:56:52
================================================================================
[2025-12-03T22:57:25.837+0000] {manager.py:887} INFO - 
================================================================================
DAG File Processing Stats

File Path                        PID    Runtime      # DAGs    # Errors  Last Runtime    Last Run
-------------------------------  -----  ---------  --------  ----------  --------------  -------------------
/opt/airflow/dags/ingest_dag.py                           1           0  0.14s           2025-12-03T22:57:22
================================================================================
[2025-12-03T22:57:53.645+0000] {manager.py:887} INFO - 
================================================================================
DAG File Processing Stats

File Path                          PID  Runtime      # DAGs    # Errors  Last Runtime    Last Run
-------------------------------  -----  ---------  --------  ----------  --------------  -------------------
/opt/airflow/dags/ingest_dag.py    329  0.01s             1           0  0.14s           2025-12-03T22:57:22
================================================================================
[2025-12-03T22:58:21.705+0000] {manager.py:887} INFO - 
================================================================================
DAG File Processing Stats

File Path                        PID    Runtime      # DAGs    # Errors  Last Runtime    Last Run
-------------------------------  -----  ---------  --------  ----------  --------------  -------------------
/opt/airflow/dags/ingest_dag.py                           1           0  0.14s           2025-12-03T22:57:53
================================================================================
[2025-12-03T22:58:49.591+0000] {manager.py:887} INFO - 
================================================================================
DAG File Processing Stats

File Path                        PID    Runtime      # DAGs    # Errors  Last Runtime    Last Run
-------------------------------  -----  ---------  --------  ----------  --------------  -------------------
/opt/airflow/dags/ingest_dag.py                           1           0  0.15s           2025-12-03T22:58:24
================================================================================
[2025-12-03T22:59:17.538+0000] {manager.py:887} INFO - 
================================================================================
DAG File Processing Stats

File Path                        PID    Runtime      # DAGs    # Errors  Last Runtime    Last Run
-------------------------------  -----  ---------  --------  ----------  --------------  -------------------
/opt/airflow/dags/ingest_dag.py                           1           0  0.12s           2025-12-03T22:58:55
================================================================================
[2025-12-03T22:59:45.489+0000] {manager.py:887} INFO - 
================================================================================
DAG File Processing Stats

File Path                        PID    Runtime      # DAGs    # Errors  Last Runtime    Last Run
-------------------------------  -----  ---------  --------  ----------  --------------  -------------------
/opt/airflow/dags/ingest_dag.py                           1           0  0.13s           2025-12-03T22:59:26
================================================================================
[2025-12-03T23:00:00.126+0000] {manager.py:755} INFO - Searching for files in /opt/airflow/dags
[2025-12-03T23:00:00.127+0000] {manager.py:758} INFO - There are 1 files in /opt/airflow/dags
[2025-12-03T23:00:13.321+0000] {manager.py:887} INFO - 
================================================================================
DAG File Processing Stats

File Path                        PID    Runtime      # DAGs    # Errors  Last Runtime    Last Run
-------------------------------  -----  ---------  --------  ----------  --------------  -------------------
/opt/airflow/dags/ingest_dag.py                           1           0  0.14s           2025-12-03T22:59:57
================================================================================
[2025-12-03T23:00:41.231+0000] {manager.py:887} INFO - 
================================================================================
DAG File Processing Stats

File Path                        PID    Runtime      # DAGs    # Errors  Last Runtime    Last Run
-------------------------------  -----  ---------  --------  ----------  --------------  -------------------
/opt/airflow/dags/ingest_dag.py                           1           0  0.13s           2025-12-03T23:00:28
================================================================================
[2025-12-03T23:01:09.191+0000] {manager.py:887} INFO - 
================================================================================
DAG File Processing Stats

File Path                        PID    Runtime      # DAGs    # Errors  Last Runtime    Last Run
-------------------------------  -----  ---------  --------  ----------  --------------  -------------------
/opt/airflow/dags/ingest_dag.py                           1           0  0.12s           2025-12-03T23:00:59
================================================================================
[2025-12-03T23:01:37.005+0000] {manager.py:887} INFO - 
================================================================================
DAG File Processing Stats

File Path                        PID    Runtime      # DAGs    # Errors  Last Runtime    Last Run
-------------------------------  -----  ---------  --------  ----------  --------------  -------------------
/opt/airflow/dags/ingest_dag.py                           1           0  0.19s           2025-12-03T23:01:30
================================================================================
[2025-12-03T23:02:04.899+0000] {manager.py:887} INFO - 
================================================================================
DAG File Processing Stats

File Path                        PID    Runtime      # DAGs    # Errors  Last Runtime    Last Run
-------------------------------  -----  ---------  --------  ----------  --------------  -------------------
/opt/airflow/dags/ingest_dag.py                           1           0  0.29s           2025-12-03T23:02:00
================================================================================
[2025-12-03T23:02:32.670+0000] {manager.py:887} INFO - 
================================================================================
DAG File Processing Stats

File Path                        PID    Runtime      # DAGs    # Errors  Last Runtime    Last Run
-------------------------------  -----  ---------  --------  ----------  --------------  -------------------
/opt/airflow/dags/ingest_dag.py                           1           0  0.12s           2025-12-03T23:02:31
================================================================================
[2025-12-03T23:03:00.550+0000] {manager.py:887} INFO - 
================================================================================
DAG File Processing Stats

File Path                        PID    Runtime      # DAGs    # Errors  Last Runtime    Last Run
-------------------------------  -----  ---------  --------  ----------  --------------  -------------------
/opt/airflow/dags/ingest_dag.py                           1           0  0.12s           2025-12-03T23:02:31
================================================================================
[2025-12-03T23:03:28.394+0000] {manager.py:887} INFO - 
================================================================================
DAG File Processing Stats

File Path                        PID    Runtime      # DAGs    # Errors  Last Runtime    Last Run
-------------------------------  -----  ---------  --------  ----------  --------------  -------------------
/opt/airflow/dags/ingest_dag.py                           1           0  0.12s           2025-12-03T23:03:02
================================================================================
[2025-12-03T23:03:56.160+0000] {manager.py:887} INFO - 
================================================================================
DAG File Processing Stats

File Path                        PID    Runtime      # DAGs    # Errors  Last Runtime    Last Run
-------------------------------  -----  ---------  --------  ----------  --------------  -------------------
/opt/airflow/dags/ingest_dag.py                           1           0  0.12s           2025-12-03T23:03:33
================================================================================
[2025-12-03T23:04:24.177+0000] {manager.py:887} INFO - 
================================================================================
DAG File Processing Stats

File Path                        PID    Runtime      # DAGs    # Errors  Last Runtime    Last Run
-------------------------------  -----  ---------  --------  ----------  --------------  -------------------
/opt/airflow/dags/ingest_dag.py                           1           0  -0.63s          2025-12-03T23:04:03
================================================================================
[2025-12-03T23:04:51.946+0000] {manager.py:887} INFO - 
================================================================================
DAG File Processing Stats

File Path                        PID    Runtime      # DAGs    # Errors  Last Runtime    Last Run
-------------------------------  -----  ---------  --------  ----------  --------------  -------------------
/opt/airflow/dags/ingest_dag.py                           1           0  0.12s           2025-12-03T23:04:33
================================================================================
[2025-12-03T23:05:00.641+0000] {manager.py:755} INFO - Searching for files in /opt/airflow/dags
[2025-12-03T23:05:00.643+0000] {manager.py:758} INFO - There are 1 files in /opt/airflow/dags
[2025-12-03T23:05:19.768+0000] {manager.py:887} INFO - 
================================================================================
DAG File Processing Stats

File Path                        PID    Runtime      # DAGs    # Errors  Last Runtime    Last Run
-------------------------------  -----  ---------  --------  ----------  --------------  -------------------
/opt/airflow/dags/ingest_dag.py                           1           0  0.10s           2025-12-03T23:05:04
================================================================================
[2025-12-03T23:05:47.442+0000] {manager.py:887} INFO - 
================================================================================
DAG File Processing Stats

File Path                        PID    Runtime      # DAGs    # Errors  Last Runtime    Last Run
-------------------------------  -----  ---------  --------  ----------  --------------  -------------------
/opt/airflow/dags/ingest_dag.py                           1           0  0.11s           2025-12-03T23:05:35
================================================================================
[2025-12-03T23:06:15.272+0000] {manager.py:887} INFO - 
================================================================================
DAG File Processing Stats

File Path                        PID    Runtime      # DAGs    # Errors  Last Runtime    Last Run
-------------------------------  -----  ---------  --------  ----------  --------------  -------------------
/opt/airflow/dags/ingest_dag.py                           1           0  0.11s           2025-12-03T23:06:06
================================================================================
[2025-12-03T23:06:43.025+0000] {manager.py:887} INFO - 
================================================================================
DAG File Processing Stats

File Path                        PID    Runtime      # DAGs    # Errors  Last Runtime    Last Run
-------------------------------  -----  ---------  --------  ----------  --------------  -------------------
/opt/airflow/dags/ingest_dag.py                           1           0  0.15s           2025-12-03T23:06:37
================================================================================
[2025-12-03T23:07:11.013+0000] {manager.py:887} INFO - 
================================================================================
DAG File Processing Stats

File Path                        PID    Runtime      # DAGs    # Errors  Last Runtime    Last Run
-------------------------------  -----  ---------  --------  ----------  --------------  -------------------
/opt/airflow/dags/ingest_dag.py                           1           0  0.12s           2025-12-03T23:07:08
================================================================================
[2025-12-03T23:07:38.725+0000] {manager.py:887} INFO - 
================================================================================
DAG File Processing Stats

File Path                          PID  Runtime      # DAGs    # Errors  Last Runtime    Last Run
-------------------------------  -----  ---------  --------  ----------  --------------  -------------------
/opt/airflow/dags/ingest_dag.py    430  0.00s             1           0  0.12s           2025-12-03T23:07:08
================================================================================
[2025-12-03T23:08:06.534+0000] {manager.py:887} INFO - 
================================================================================
DAG File Processing Stats

File Path                        PID    Runtime      # DAGs    # Errors  Last Runtime    Last Run
-------------------------------  -----  ---------  --------  ----------  --------------  -------------------
/opt/airflow/dags/ingest_dag.py                           1           0  0.15s           2025-12-03T23:07:38
================================================================================
[2025-12-03T23:08:34.337+0000] {manager.py:887} INFO - 
================================================================================
DAG File Processing Stats

File Path                        PID    Runtime      # DAGs    # Errors  Last Runtime    Last Run
-------------------------------  -----  ---------  --------  ----------  --------------  -------------------
/opt/airflow/dags/ingest_dag.py                           1           0  0.14s           2025-12-03T23:08:09
================================================================================
[2025-12-03T23:09:02.272+0000] {manager.py:887} INFO - 
================================================================================
DAG File Processing Stats

File Path                        PID    Runtime      # DAGs    # Errors  Last Runtime    Last Run
-------------------------------  -----  ---------  --------  ----------  --------------  -------------------
/opt/airflow/dags/ingest_dag.py                           1           0  0.12s           2025-12-03T23:08:40
================================================================================
[2025-12-03T23:09:30.086+0000] {manager.py:887} INFO - 
================================================================================
DAG File Processing Stats

File Path                        PID    Runtime      # DAGs    # Errors  Last Runtime    Last Run
-------------------------------  -----  ---------  --------  ----------  --------------  -------------------
/opt/airflow/dags/ingest_dag.py                           1           0  0.11s           2025-12-03T23:09:11
================================================================================
[2025-12-03T23:09:57.825+0000] {manager.py:887} INFO - 
================================================================================
DAG File Processing Stats

File Path                        PID    Runtime      # DAGs    # Errors  Last Runtime    Last Run
-------------------------------  -----  ---------  --------  ----------  --------------  -------------------
/opt/airflow/dags/ingest_dag.py                           1           0  0.11s           2025-12-03T23:09:41
================================================================================
[2025-12-03T23:10:00.842+0000] {manager.py:755} INFO - Searching for files in /opt/airflow/dags
[2025-12-03T23:10:00.843+0000] {manager.py:758} INFO - There are 1 files in /opt/airflow/dags
[2025-12-03T23:10:25.690+0000] {manager.py:887} INFO - 
================================================================================
DAG File Processing Stats

File Path                        PID    Runtime      # DAGs    # Errors  Last Runtime    Last Run
-------------------------------  -----  ---------  --------  ----------  --------------  -------------------
/opt/airflow/dags/ingest_dag.py                           1           0  0.13s           2025-12-03T23:10:12
================================================================================
[2025-12-03T23:10:53.651+0000] {manager.py:887} INFO - 
================================================================================
DAG File Processing Stats

File Path                        PID    Runtime      # DAGs    # Errors  Last Runtime    Last Run
-------------------------------  -----  ---------  --------  ----------  --------------  -------------------
/opt/airflow/dags/ingest_dag.py                           1           0  0.13s           2025-12-03T23:10:43
================================================================================
[2025-12-03T23:11:21.402+0000] {manager.py:887} INFO - 
================================================================================
DAG File Processing Stats

File Path                        PID    Runtime      # DAGs    # Errors  Last Runtime    Last Run
-------------------------------  -----  ---------  --------  ----------  --------------  -------------------
/opt/airflow/dags/ingest_dag.py                           1           0  0.11s           2025-12-03T23:11:14
================================================================================
[2025-12-03T23:11:49.306+0000] {manager.py:887} INFO - 
================================================================================
DAG File Processing Stats

File Path                        PID    Runtime      # DAGs    # Errors  Last Runtime    Last Run
-------------------------------  -----  ---------  --------  ----------  --------------  -------------------
/opt/airflow/dags/ingest_dag.py                           1           0  0.11s           2025-12-03T23:11:45
================================================================================
[2025-12-03T23:12:17.311+0000] {manager.py:887} INFO - 
================================================================================
DAG File Processing Stats

File Path                        PID    Runtime      # DAGs    # Errors  Last Runtime    Last Run
-------------------------------  -----  ---------  --------  ----------  --------------  -------------------
/opt/airflow/dags/ingest_dag.py                           1           0  0.12s           2025-12-03T23:12:16
================================================================================
[2025-12-03T23:12:45.198+0000] {manager.py:887} INFO - 
================================================================================
DAG File Processing Stats

File Path                        PID    Runtime      # DAGs    # Errors  Last Runtime    Last Run
-------------------------------  -----  ---------  --------  ----------  --------------  -------------------
/opt/airflow/dags/ingest_dag.py                           1           0  0.12s           2025-12-03T23:12:16
================================================================================
[2025-12-03T23:13:13.022+0000] {manager.py:887} INFO - 
================================================================================
DAG File Processing Stats

File Path                        PID    Runtime      # DAGs    # Errors  Last Runtime    Last Run
-------------------------------  -----  ---------  --------  ----------  --------------  -------------------
/opt/airflow/dags/ingest_dag.py                           1           0  0.12s           2025-12-03T23:12:47
================================================================================
[2025-12-03T23:13:40.796+0000] {manager.py:887} INFO - 
================================================================================
DAG File Processing Stats

File Path                        PID    Runtime      # DAGs    # Errors  Last Runtime    Last Run
-------------------------------  -----  ---------  --------  ----------  --------------  -------------------
/opt/airflow/dags/ingest_dag.py                           1           0  0.13s           2025-12-03T23:13:17
================================================================================
[2025-12-03T23:14:08.665+0000] {manager.py:887} INFO - 
================================================================================
DAG File Processing Stats

File Path                        PID    Runtime      # DAGs    # Errors  Last Runtime    Last Run
-------------------------------  -----  ---------  --------  ----------  --------------  -------------------
/opt/airflow/dags/ingest_dag.py                           1           0  0.12s           2025-12-03T23:13:48
================================================================================
[2025-12-03T23:14:36.633+0000] {manager.py:887} INFO - 
================================================================================
DAG File Processing Stats

File Path                        PID    Runtime      # DAGs    # Errors  Last Runtime    Last Run
-------------------------------  -----  ---------  --------  ----------  --------------  -------------------
/opt/airflow/dags/ingest_dag.py                           1           0  0.11s           2025-12-03T23:14:19
================================================================================
[2025-12-03T23:15:01.364+0000] {manager.py:755} INFO - Searching for files in /opt/airflow/dags
[2025-12-03T23:15:01.365+0000] {manager.py:758} INFO - There are 1 files in /opt/airflow/dags
[2025-12-03T23:15:04.404+0000] {manager.py:887} INFO - 
================================================================================
DAG File Processing Stats

File Path                        PID    Runtime      # DAGs    # Errors  Last Runtime    Last Run
-------------------------------  -----  ---------  --------  ----------  --------------  -------------------
/opt/airflow/dags/ingest_dag.py                           1           0  0.10s           2025-12-03T23:14:50
================================================================================
[2025-12-03T23:15:32.176+0000] {manager.py:887} INFO - 
================================================================================
DAG File Processing Stats

File Path                        PID    Runtime      # DAGs    # Errors  Last Runtime    Last Run
-------------------------------  -----  ---------  --------  ----------  --------------  -------------------
/opt/airflow/dags/ingest_dag.py                           1           0  0.11s           2025-12-03T23:15:21
================================================================================
[2025-12-03T23:15:59.929+0000] {manager.py:887} INFO - 
================================================================================
DAG File Processing Stats

File Path                        PID    Runtime      # DAGs    # Errors  Last Runtime    Last Run
-------------------------------  -----  ---------  --------  ----------  --------------  -------------------
/opt/airflow/dags/ingest_dag.py                           1           0  0.11s           2025-12-03T23:15:51
================================================================================
[2025-12-03T23:16:26.512+0000] {manager.py:887} INFO - 
================================================================================
DAG File Processing Stats

File Path                        PID    Runtime      # DAGs    # Errors  Last Runtime    Last Run
-------------------------------  -----  ---------  --------  ----------  --------------  -------------------
/opt/airflow/dags/ingest_dag.py                           1           0  0.18s           2025-12-03T23:16:22
================================================================================
[2025-12-03T23:16:54.589+0000] {manager.py:887} INFO - 
================================================================================
DAG File Processing Stats

File Path                        PID    Runtime      # DAGs    # Errors  Last Runtime    Last Run
-------------------------------  -----  ---------  --------  ----------  --------------  -------------------
/opt/airflow/dags/ingest_dag.py                           1           0  0.11s           2025-12-03T23:16:52
================================================================================
[2025-12-03T23:17:20.698+0000] {manager.py:887} INFO - 
================================================================================
DAG File Processing Stats

File Path                        PID    Runtime      # DAGs    # Errors  Last Runtime    Last Run
-------------------------------  -----  ---------  --------  ----------  --------------  -------------------
/opt/airflow/dags/ingest_dag.py                           1           0  0.11s           2025-12-03T23:16:52
================================================================================
[2025-12-03T23:17:48.713+0000] {manager.py:887} INFO - 
================================================================================
DAG File Processing Stats

File Path                        PID    Runtime      # DAGs    # Errors  Last Runtime    Last Run
-------------------------------  -----  ---------  --------  ----------  --------------  -------------------
/opt/airflow/dags/ingest_dag.py                           1           0  0.14s           2025-12-03T23:17:22
================================================================================
[2025-12-03T23:18:16.523+0000] {manager.py:887} INFO - 
================================================================================
DAG File Processing Stats

File Path                        PID    Runtime      # DAGs    # Errors  Last Runtime    Last Run
-------------------------------  -----  ---------  --------  ----------  --------------  -------------------
/opt/airflow/dags/ingest_dag.py                           1           0  0.11s           2025-12-03T23:17:53
================================================================================
[2025-12-03T23:18:44.538+0000] {manager.py:887} INFO - 
================================================================================
DAG File Processing Stats

File Path                        PID    Runtime      # DAGs    # Errors  Last Runtime    Last Run
-------------------------------  -----  ---------  --------  ----------  --------------  -------------------
/opt/airflow/dags/ingest_dag.py                           1           0  0.14s           2025-12-03T23:18:24
================================================================================
[2025-12-03T23:19:12.292+0000] {manager.py:887} INFO - 
================================================================================
DAG File Processing Stats

File Path                        PID    Runtime      # DAGs    # Errors  Last Runtime    Last Run
-------------------------------  -----  ---------  --------  ----------  --------------  -------------------
/opt/airflow/dags/ingest_dag.py                           1           0  0.11s           2025-12-03T23:18:55
================================================================================
[2025-12-03T23:19:40.238+0000] {manager.py:887} INFO - 
================================================================================
DAG File Processing Stats

File Path                        PID    Runtime      # DAGs    # Errors  Last Runtime    Last Run
-------------------------------  -----  ---------  --------  ----------  --------------  -------------------
/opt/airflow/dags/ingest_dag.py                           1           0  0.14s           2025-12-03T23:19:26
================================================================================
[2025-12-03T23:20:01.436+0000] {manager.py:755} INFO - Searching for files in /opt/airflow/dags
[2025-12-03T23:20:01.438+0000] {manager.py:758} INFO - There are 1 files in /opt/airflow/dags
[2025-12-03T23:20:08.078+0000] {manager.py:887} INFO - 
================================================================================
DAG File Processing Stats

File Path                        PID    Runtime      # DAGs    # Errors  Last Runtime    Last Run
-------------------------------  -----  ---------  --------  ----------  --------------  -------------------
/opt/airflow/dags/ingest_dag.py                           1           0  0.11s           2025-12-03T23:19:57
================================================================================
[2025-12-03T23:20:35.887+0000] {manager.py:887} INFO - 
================================================================================
DAG File Processing Stats

File Path                        PID    Runtime      # DAGs    # Errors  Last Runtime    Last Run
-------------------------------  -----  ---------  --------  ----------  --------------  -------------------
/opt/airflow/dags/ingest_dag.py                           1           0  0.11s           2025-12-03T23:20:28
================================================================================
[2025-12-03T23:21:03.641+0000] {manager.py:887} INFO - 
================================================================================
DAG File Processing Stats

File Path                        PID    Runtime      # DAGs    # Errors  Last Runtime    Last Run
-------------------------------  -----  ---------  --------  ----------  --------------  -------------------
/opt/airflow/dags/ingest_dag.py                           1           0  0.12s           2025-12-03T23:20:59
================================================================================
[2025-12-03T23:21:31.450+0000] {manager.py:887} INFO - 
================================================================================
DAG File Processing Stats

File Path                        PID    Runtime      # DAGs    # Errors  Last Runtime    Last Run
-------------------------------  -----  ---------  --------  ----------  --------------  -------------------
/opt/airflow/dags/ingest_dag.py                           1           0  0.12s           2025-12-03T23:21:30
================================================================================
[2025-12-03T23:22:00.862+0000] {manager.py:887} INFO - 
================================================================================
DAG File Processing Stats

File Path                          PID  Runtime      # DAGs    # Errors  Last Runtime    Last Run
-------------------------------  -----  ---------  --------  ----------  --------------  -------------------
/opt/airflow/dags/ingest_dag.py    570  0.01s             1           0  0.12s           2025-12-03T23:21:30
================================================================================
[2025-12-03T23:22:27.214+0000] {manager.py:887} INFO - 
================================================================================
DAG File Processing Stats

File Path                        PID    Runtime      # DAGs    # Errors  Last Runtime    Last Run
-------------------------------  -----  ---------  --------  ----------  --------------  -------------------
/opt/airflow/dags/ingest_dag.py                           1           0  0.12s           2025-12-03T23:22:00
================================================================================
[2025-12-03T23:22:55.043+0000] {manager.py:887} INFO - 
================================================================================
DAG File Processing Stats

File Path                        PID    Runtime      # DAGs    # Errors  Last Runtime    Last Run
-------------------------------  -----  ---------  --------  ----------  --------------  -------------------
/opt/airflow/dags/ingest_dag.py                           1           0  0.14s           2025-12-03T23:22:31
================================================================================
[2025-12-03T23:23:22.941+0000] {manager.py:887} INFO - 
================================================================================
DAG File Processing Stats

File Path                        PID    Runtime      # DAGs    # Errors  Last Runtime    Last Run
-------------------------------  -----  ---------  --------  ----------  --------------  -------------------
/opt/airflow/dags/ingest_dag.py                           1           0  0.11s           2025-12-03T23:23:02
================================================================================
[2025-12-03T23:23:50.848+0000] {manager.py:887} INFO - 
================================================================================
DAG File Processing Stats

File Path                        PID    Runtime      # DAGs    # Errors  Last Runtime    Last Run
-------------------------------  -----  ---------  --------  ----------  --------------  -------------------
/opt/airflow/dags/ingest_dag.py                           1           0  0.24s           2025-12-03T23:23:33
================================================================================
[2025-12-03T23:24:18.754+0000] {manager.py:887} INFO - 
================================================================================
DAG File Processing Stats

File Path                        PID    Runtime      # DAGs    # Errors  Last Runtime    Last Run
-------------------------------  -----  ---------  --------  ----------  --------------  -------------------
/opt/airflow/dags/ingest_dag.py                           1           0  0.12s           2025-12-03T23:24:04
================================================================================
[2025-12-03T23:24:46.498+0000] {manager.py:887} INFO - 
================================================================================
DAG File Processing Stats

File Path                        PID    Runtime      # DAGs    # Errors  Last Runtime    Last Run
-------------------------------  -----  ---------  --------  ----------  --------------  -------------------
/opt/airflow/dags/ingest_dag.py                           1           0  0.13s           2025-12-03T23:24:35
================================================================================
[2025-12-03T23:25:01.666+0000] {manager.py:755} INFO - Searching for files in /opt/airflow/dags
[2025-12-03T23:25:01.668+0000] {manager.py:758} INFO - There are 1 files in /opt/airflow/dags
[2025-12-03T23:25:14.479+0000] {manager.py:887} INFO - 
================================================================================
DAG File Processing Stats

File Path                        PID    Runtime      # DAGs    # Errors  Last Runtime    Last Run
-------------------------------  -----  ---------  --------  ----------  --------------  -------------------
/opt/airflow/dags/ingest_dag.py                           1           0  0.13s           2025-12-03T23:25:05
================================================================================
[2025-12-03T23:25:42.399+0000] {manager.py:887} INFO - 
================================================================================
DAG File Processing Stats

File Path                        PID    Runtime      # DAGs    # Errors  Last Runtime    Last Run
-------------------------------  -----  ---------  --------  ----------  --------------  -------------------
/opt/airflow/dags/ingest_dag.py                           1           0  0.11s           2025-12-03T23:25:36
================================================================================
[2025-12-03T23:26:10.414+0000] {manager.py:887} INFO - 
================================================================================
DAG File Processing Stats

File Path                        PID    Runtime      # DAGs    # Errors  Last Runtime    Last Run
-------------------------------  -----  ---------  --------  ----------  --------------  -------------------
/opt/airflow/dags/ingest_dag.py                           1           0  0.11s           2025-12-03T23:26:07
================================================================================
[2025-12-03T23:26:38.373+0000] {manager.py:887} INFO - 
================================================================================
DAG File Processing Stats

File Path                          PID  Runtime      # DAGs    # Errors  Last Runtime    Last Run
-------------------------------  -----  ---------  --------  ----------  --------------  -------------------
/opt/airflow/dags/ingest_dag.py    615  0.00s             1           0  0.11s           2025-12-03T23:26:07
================================================================================
[2025-12-03T23:27:06.371+0000] {manager.py:887} INFO - 
================================================================================
DAG File Processing Stats

File Path                        PID    Runtime      # DAGs    # Errors  Last Runtime    Last Run
-------------------------------  -----  ---------  --------  ----------  --------------  -------------------
/opt/airflow/dags/ingest_dag.py                           1           0  0.11s           2025-12-03T23:26:38
================================================================================
[2025-12-03T23:27:34.340+0000] {manager.py:887} INFO - 
================================================================================
DAG File Processing Stats

File Path                        PID    Runtime      # DAGs    # Errors  Last Runtime    Last Run
-------------------------------  -----  ---------  --------  ----------  --------------  -------------------
/opt/airflow/dags/ingest_dag.py                           1           0  0.13s           2025-12-03T23:27:09
================================================================================
[2025-12-03T23:28:02.129+0000] {manager.py:887} INFO - 
================================================================================
DAG File Processing Stats

File Path                        PID    Runtime      # DAGs    # Errors  Last Runtime    Last Run
-------------------------------  -----  ---------  --------  ----------  --------------  -------------------
/opt/airflow/dags/ingest_dag.py                           1           0  0.15s           2025-12-03T23:27:40
================================================================================
[2025-12-03T23:28:29.778+0000] {manager.py:887} INFO - 
================================================================================
DAG File Processing Stats

File Path                        PID    Runtime      # DAGs    # Errors  Last Runtime    Last Run
-------------------------------  -----  ---------  --------  ----------  --------------  -------------------
/opt/airflow/dags/ingest_dag.py                           1           0  0.12s           2025-12-03T23:28:11
================================================================================
[2025-12-03T23:28:57.587+0000] {manager.py:887} INFO - 
================================================================================
DAG File Processing Stats

File Path                        PID    Runtime      # DAGs    # Errors  Last Runtime    Last Run
-------------------------------  -----  ---------  --------  ----------  --------------  -------------------
/opt/airflow/dags/ingest_dag.py                           1           0  0.12s           2025-12-03T23:28:42
================================================================================
[2025-12-03T23:29:25.536+0000] {manager.py:887} INFO - 
================================================================================
DAG File Processing Stats

File Path                        PID    Runtime      # DAGs    # Errors  Last Runtime    Last Run
-------------------------------  -----  ---------  --------  ----------  --------------  -------------------
/opt/airflow/dags/ingest_dag.py                           1           0  0.11s           2025-12-03T23:29:12
================================================================================
[2025-12-03T23:29:53.342+0000] {manager.py:887} INFO - 
================================================================================
DAG File Processing Stats

File Path                        PID    Runtime      # DAGs    # Errors  Last Runtime    Last Run
-------------------------------  -----  ---------  --------  ----------  --------------  -------------------
/opt/airflow/dags/ingest_dag.py                           1           0  0.11s           2025-12-03T23:29:43
================================================================================
[2025-12-03T23:30:02.406+0000] {manager.py:755} INFO - Searching for files in /opt/airflow/dags
[2025-12-03T23:30:02.407+0000] {manager.py:758} INFO - There are 1 files in /opt/airflow/dags
[2025-12-03T23:30:20.984+0000] {manager.py:887} INFO - 
================================================================================
DAG File Processing Stats

File Path                        PID    Runtime      # DAGs    # Errors  Last Runtime    Last Run
-------------------------------  -----  ---------  --------  ----------  --------------  -------------------
/opt/airflow/dags/ingest_dag.py                           1           0  0.13s           2025-12-03T23:30:14
================================================================================
